[22-Feb-2016 22:17:01 UTC] WordPress database error Table 'wp_postmeta' already exists for query 
CREATE TABLE wp_postmeta (
  meta_id bigint(20) unsigned NOT NULL auto_increment,
  post_id bigint(20) unsigned NOT NULL default '0',
  meta_key varchar(255) default NULL,
  meta_value longtext,
  PRIMARY KEY  (meta_id),
  KEY post_id (post_id),
  KEY meta_key (meta_key(191))
) DEFAULT CHARACTER SET utf8mb4 COLLATE utf8mb4_unicode_ci made by wp_install, make_db_current_silent, dbDelta
[22-Feb-2016 22:17:01 UTC] WordPress database error Table 'wp_posts' already exists for query 
CREATE TABLE wp_posts (
  ID bigint(20) unsigned NOT NULL auto_increment,
  post_author bigint(20) unsigned NOT NULL default '0',
  post_date datetime NOT NULL default '0000-00-00 00:00:00',
  post_date_gmt datetime NOT NULL default '0000-00-00 00:00:00',
  post_content longtext NOT NULL,
  post_title text NOT NULL,
  post_excerpt text NOT NULL,
  post_status varchar(20) NOT NULL default 'publish',
  comment_status varchar(20) NOT NULL default 'open',
  ping_status varchar(20) NOT NULL default 'open',
  post_password varchar(20) NOT NULL default '',
  post_name varchar(200) NOT NULL default '',
  to_ping text NOT NULL,
  pinged text NOT NULL,
  post_modified datetime NOT NULL default '0000-00-00 00:00:00',
  post_modified_gmt datetime NOT NULL default '0000-00-00 00:00:00',
  post_content_filtered longtext NOT NULL,
  post_parent bigint(20) unsigned NOT NULL default '0',
  guid varchar(255) NOT NULL default '',
  menu_order int(11) NOT NULL default '0',
  post_type varchar(20) NOT NULL default 'post',
  post_mime_type varchar(100) NOT NULL default '',
  comment_count bigint(20) NOT NULL default '0',
  PRIMARY KEY  (ID),
  KEY post_name (post_name(191)),
  KEY type_status_date (post_type,post_status,post_date,ID),
  KEY post_parent (post_parent),
  KEY post_author (post_author)
) DEFAULT CHARACTER SET utf8mb4 COLLATE utf8mb4_unicode_ci made by wp_install, make_db_current_silent, dbDelta
[22-Feb-2016 22:17:01 UTC] WordPress database error Deadlock found when trying to get lock; try restarting transaction for query INSERT INTO wp_options (option_name, option_value, autoload) VALUES ('siteurl', 'https://seniorproject-tarquink.c9users.io', 'yes'), ('home', 'https://seniorproject-tarquink.c9users.io', 'yes'), ('blogname', 'My Site', 'yes'), ('blogdescription', 'Just another WordPress site', 'yes'), ('users_can_register', '0', 'yes'), ('admin_email', 'you@example.com', 'yes'), ('start_of_week', '1', 'yes'), ('use_balanceTags', '0', 'yes'), ('use_smilies', '1', 'yes'), ('require_name_email', '1', 'yes'), ('comments_notify', '1', 'yes'), ('posts_per_rss', '10', 'yes'), ('rss_use_excerpt', '0', 'yes'), ('mailserver_url', 'mail.example.com', 'yes'), ('mailserver_login', 'login@example.com', 'yes'), ('mailserver_pass', 'password', 'yes'), ('mailserver_port', '110', 'yes'), ('default_category', '1', 'yes'), ('default_comment_status', 'open', 'yes'), ('default_ping_status', 'open', 'yes'), ('default_pingback_flag', '1', 'yes'), ('posts_per_page', '10', 'yes'), ('date_format', 'F j, Y', 'yes'), ('time_format', 'g:i a', 'yes'), ('links_updated_date_format', 'F j, Y g:i a', 'yes'), ('comment_moderation', '0', 'yes'), ('moderation_notify', '1', 'yes'), ('permalink_structure', '', 'yes'), ('gzipcompression', '0', 'yes'), ('hack_file', '0', 'yes'), ('blog_charset', 'UTF-8', 'yes'), ('moderation_keys', '', 'no'), ('active_plugins', 'a:0:{}', 'yes'), ('category_base', '', 'yes'), ('ping_sites', 'http://rpc.pingomatic.com/', 'yes'), ('advanced_edit', '0', 'yes'), ('comment_max_links', '2', 'yes'), ('gmt_offset', '0', 'yes'), ('default_email_category', '1', 'yes'), ('recently_edited', '', 'no'), ('template', 'twentyfifteen', 'yes'), ('stylesheet', 'twentyfifteen', 'yes'), ('comment_whitelist', '1', 'yes'), ('blacklist_keys', '', 'no'), ('comment_registration', '0', 'yes'), ('html_type', 'text/html', 'yes'), ('use_trackback', '0', 'yes'), ('default_role', 'subscriber', 'yes'), ('db_version', '33056', 'yes'), ('uploads_use_yearmonth_folders', '1', 'yes'), ('upload_path', '', 'yes'), ('blog_public', '1', 'yes'), ('default_link_category', '2', 'yes'), ('show_on_front', 'posts', 'yes'), ('tag_base', '', 'yes'), ('show_avatars', '1', 'yes'), ('avatar_rating', 'G', 'yes'), ('upload_url_path', '', 'yes'), ('thumbnail_size_w', '150', 'yes'), ('thumbnail_size_h', '150', 'yes'), ('thumbnail_crop', '1', 'yes'), ('medium_size_w', '300', 'yes'), ('medium_size_h', '300', 'yes'), ('avatar_default', 'mystery', 'yes'), ('large_size_w', '1024', 'yes'), ('large_size_h', '1024', 'yes'), ('image_default_link_type', 'file', 'yes'), ('image_default_size', '', 'yes'), ('image_default_align', '', 'yes'), ('close_comments_for_old_posts', '0', 'yes'), ('close_comments_days_old', '14', 'yes'), ('thread_comments', '1', 'yes'), ('thread_comments_depth', '5', 'yes'), ('page_comments', '0', 'yes'), ('comments_per_page', '50', 'yes'), ('default_comments_page', 'newest', 'yes'), ('comment_order', 'asc', 'yes'), ('sticky_posts', 'a:0:{}', 'yes'), ('widget_categories', 'a:0:{}', 'yes'), ('widget_text', 'a:0:{}', 'yes'), ('widget_rss', 'a:0:{}', 'yes'), ('uninstall_plugins', 'a:0:{}', 'no'), ('timezone_string', '', 'yes'), ('page_for_posts', '0', 'yes'), ('page_on_front', '0', 'yes'), ('default_post_format', '0', 'yes'), ('link_manager_enabled', '0', 'yes'), ('finished_splitting_shared_terms', '1', 'yes'), ('initial_db_version', '33056', 'yes') made by wp_install, populate_options
[22-Feb-2016 22:17:02 UTC] WordPress database error Duplicate entry '1' for key 'PRIMARY' for query INSERT INTO `wp_terms` (`term_id`, `name`, `slug`, `term_group`) VALUES (1, 'Uncategorized', 'uncategorized', 0) made by wp_install, wp_install_defaults
[22-Feb-2016 22:17:02 UTC] WordPress database error Duplicate entry '1-category' for key 'term_id_taxonomy' for query INSERT INTO `wp_term_taxonomy` (`term_id`, `taxonomy`, `description`, `parent`, `count`) VALUES (1, 'category', '', 0, 1) made by wp_install, wp_install_defaults
[16-Mar-2016 21:06:29 UTC] PHP Parse error:  syntax error, unexpected '<' in /home/ubuntu/workspace/wp-content/themes/Vertex-child/functions.php on line 7
[16-Mar-2016 21:06:29 UTC] PHP Stack trace:
[16-Mar-2016 21:06:29 UTC] PHP   1. {main}() /home/ubuntu/workspace/wp-admin/customize.php:0
[16-Mar-2016 21:06:29 UTC] PHP   2. require_once() /home/ubuntu/workspace/wp-admin/customize.php:13
[16-Mar-2016 21:06:29 UTC] PHP   3. require_once() /home/ubuntu/workspace/wp-admin/admin.php:31
[16-Mar-2016 21:06:29 UTC] PHP   4. require_once() /home/ubuntu/workspace/wp-load.php:37
[16-Mar-2016 21:06:29 UTC] PHP   5. require_once() /home/ubuntu/workspace/wp-config.php:92
[16-Mar-2016 21:06:33 UTC] PHP Parse error:  syntax error, unexpected '<' in /home/ubuntu/workspace/wp-content/themes/Vertex-child/functions.php on line 7
[16-Mar-2016 21:06:33 UTC] PHP Stack trace:
[16-Mar-2016 21:06:33 UTC] PHP   1. {main}() /home/ubuntu/workspace/wp-admin/customize.php:0
[16-Mar-2016 21:06:33 UTC] PHP   2. require_once() /home/ubuntu/workspace/wp-admin/customize.php:13
[16-Mar-2016 21:06:33 UTC] PHP   3. require_once() /home/ubuntu/workspace/wp-admin/admin.php:31
[16-Mar-2016 21:06:33 UTC] PHP   4. require_once() /home/ubuntu/workspace/wp-load.php:37
[16-Mar-2016 21:06:33 UTC] PHP   5. require_once() /home/ubuntu/workspace/wp-config.php:92
[16-Mar-2016 21:06:35 UTC] PHP Parse error:  syntax error, unexpected '<' in /home/ubuntu/workspace/wp-content/themes/Vertex-child/functions.php on line 7
[16-Mar-2016 21:06:35 UTC] PHP Stack trace:
[16-Mar-2016 21:06:35 UTC] PHP   1. {main}() /home/ubuntu/workspace/wp-admin/plugins.php:0
[16-Mar-2016 21:06:35 UTC] PHP   2. require_once() /home/ubuntu/workspace/wp-admin/plugins.php:10
[16-Mar-2016 21:06:35 UTC] PHP   3. require_once() /home/ubuntu/workspace/wp-admin/admin.php:31
[16-Mar-2016 21:06:35 UTC] PHP   4. require_once() /home/ubuntu/workspace/wp-load.php:37
[16-Mar-2016 21:06:35 UTC] PHP   5. require_once() /home/ubuntu/workspace/wp-config.php:92
[16-Mar-2016 21:07:13 UTC] PHP Parse error:  syntax error, unexpected '<' in /home/ubuntu/workspace/wp-content/themes/Vertex-child/functions.php on line 5
[16-Mar-2016 21:07:13 UTC] PHP Stack trace:
[16-Mar-2016 21:07:13 UTC] PHP   1. {main}() /home/ubuntu/workspace/wp-admin/admin-ajax.php:0
[16-Mar-2016 21:07:13 UTC] PHP   2. require_once() /home/ubuntu/workspace/wp-admin/admin-ajax.php:22
[16-Mar-2016 21:07:13 UTC] PHP   3. require_once() /home/ubuntu/workspace/wp-load.php:37
[16-Mar-2016 21:07:13 UTC] PHP   4. require_once() /home/ubuntu/workspace/wp-config.php:92
[20-Mar-2016 19:43:42 UTC] PHP Parse error:  syntax error, unexpected '{', expecting '(' in /home/ubuntu/workspace/wp-content/themes/Divi-child/functions.php on line 16
[20-Mar-2016 19:43:42 UTC] PHP Stack trace:
[20-Mar-2016 19:43:42 UTC] PHP   1. {main}() /home/ubuntu/workspace/wp-admin/admin-ajax.php:0
[20-Mar-2016 19:43:42 UTC] PHP   2. require_once() /home/ubuntu/workspace/wp-admin/admin-ajax.php:22
[20-Mar-2016 19:43:42 UTC] PHP   3. require_once() /home/ubuntu/workspace/wp-load.php:37
[20-Mar-2016 19:43:42 UTC] PHP   4. require_once() /home/ubuntu/workspace/wp-config.php:92
[20-Mar-2016 19:43:56 UTC] PHP Parse error:  syntax error, unexpected '{', expecting '(' in /home/ubuntu/workspace/wp-content/themes/Divi-child/functions.php on line 16
[20-Mar-2016 19:43:56 UTC] PHP Stack trace:
[20-Mar-2016 19:43:56 UTC] PHP   1. {main}() /home/ubuntu/workspace/wp-admin/admin-ajax.php:0
[20-Mar-2016 19:43:56 UTC] PHP   2. require_once() /home/ubuntu/workspace/wp-admin/admin-ajax.php:22
[20-Mar-2016 19:43:56 UTC] PHP   3. require_once() /home/ubuntu/workspace/wp-load.php:37
[20-Mar-2016 19:43:56 UTC] PHP   4. require_once() /home/ubuntu/workspace/wp-config.php:92
[20-Mar-2016 19:44:04 UTC] PHP Parse error:  syntax error, unexpected '{', expecting '(' in /home/ubuntu/workspace/wp-content/themes/Divi-child/functions.php on line 16
[20-Mar-2016 19:44:04 UTC] PHP Stack trace:
[20-Mar-2016 19:44:04 UTC] PHP   1. {main}() /home/ubuntu/workspace/wp-admin/edit-comments.php:0
[20-Mar-2016 19:44:04 UTC] PHP   2. require_once() /home/ubuntu/workspace/wp-admin/edit-comments.php:10
[20-Mar-2016 19:44:04 UTC] PHP   3. require_once() /home/ubuntu/workspace/wp-admin/admin.php:31
[20-Mar-2016 19:44:04 UTC] PHP   4. require_once() /home/ubuntu/workspace/wp-load.php:37
[20-Mar-2016 19:44:04 UTC] PHP   5. require_once() /home/ubuntu/workspace/wp-config.php:92
[20-Mar-2016 19:44:40 UTC] PHP Parse error:  syntax error, unexpected '{', expecting '(' in /home/ubuntu/workspace/wp-content/themes/Divi-child/functions.php on line 16
[20-Mar-2016 19:44:40 UTC] PHP Stack trace:
[20-Mar-2016 19:44:40 UTC] PHP   1. {main}() /home/ubuntu/workspace/wp-admin/admin-ajax.php:0
[20-Mar-2016 19:44:40 UTC] PHP   2. require_once() /home/ubuntu/workspace/wp-admin/admin-ajax.php:22
[20-Mar-2016 19:44:40 UTC] PHP   3. require_once() /home/ubuntu/workspace/wp-load.php:37
[20-Mar-2016 19:44:40 UTC] PHP   4. require_once() /home/ubuntu/workspace/wp-config.php:92
[20-Mar-2016 19:45:40 UTC] PHP Parse error:  syntax error, unexpected '{', expecting '(' in /home/ubuntu/workspace/wp-content/themes/Divi-child/functions.php on line 16
[20-Mar-2016 19:45:40 UTC] PHP Stack trace:
[20-Mar-2016 19:45:40 UTC] PHP   1. {main}() /home/ubuntu/workspace/wp-admin/admin-ajax.php:0
[20-Mar-2016 19:45:40 UTC] PHP   2. require_once() /home/ubuntu/workspace/wp-admin/admin-ajax.php:22
[20-Mar-2016 19:45:40 UTC] PHP   3. require_once() /home/ubuntu/workspace/wp-load.php:37
[20-Mar-2016 19:45:40 UTC] PHP   4. require_once() /home/ubuntu/workspace/wp-config.php:92
[20-Mar-2016 19:53:40 UTC] PHP Parse error:  syntax error, unexpected '\' (T_NS_SEPARATOR), expecting ',' or ';' in /home/ubuntu/workspace/wp-content/themes/Divi-child/functions.php on line 18
[20-Mar-2016 19:53:40 UTC] PHP Stack trace:
[20-Mar-2016 19:53:40 UTC] PHP   1. {main}() /home/ubuntu/workspace/wp-admin/admin-ajax.php:0
[20-Mar-2016 19:53:40 UTC] PHP   2. require_once() /home/ubuntu/workspace/wp-admin/admin-ajax.php:22
[20-Mar-2016 19:53:40 UTC] PHP   3. require_once() /home/ubuntu/workspace/wp-load.php:37
[20-Mar-2016 19:53:40 UTC] PHP   4. require_once() /home/ubuntu/workspace/wp-config.php:92
[20-Mar-2016 19:55:12 UTC] PHP Parse error:  syntax error, unexpected '\' (T_NS_SEPARATOR), expecting ',' or ';' in /home/ubuntu/workspace/wp-content/themes/Divi-child/functions.php on line 18
[20-Mar-2016 19:55:12 UTC] PHP Stack trace:
[20-Mar-2016 19:55:12 UTC] PHP   1. {main}() /home/ubuntu/workspace/wp-admin/admin-ajax.php:0
[20-Mar-2016 19:55:12 UTC] PHP   2. require_once() /home/ubuntu/workspace/wp-admin/admin-ajax.php:22
[20-Mar-2016 19:55:12 UTC] PHP   3. require_once() /home/ubuntu/workspace/wp-load.php:37
[20-Mar-2016 19:55:12 UTC] PHP   4. require_once() /home/ubuntu/workspace/wp-config.php:92
[20-Mar-2016 19:55:40 UTC] PHP Parse error:  syntax error, unexpected '\' (T_NS_SEPARATOR), expecting ',' or ';' in /home/ubuntu/workspace/wp-content/themes/Divi-child/functions.php on line 18
[20-Mar-2016 19:55:40 UTC] PHP Stack trace:
[20-Mar-2016 19:55:40 UTC] PHP   1. {main}() /home/ubuntu/workspace/wp-admin/admin-ajax.php:0
[20-Mar-2016 19:55:40 UTC] PHP   2. require_once() /home/ubuntu/workspace/wp-admin/admin-ajax.php:22
[20-Mar-2016 19:55:40 UTC] PHP   3. require_once() /home/ubuntu/workspace/wp-load.php:37
[20-Mar-2016 19:55:40 UTC] PHP   4. require_once() /home/ubuntu/workspace/wp-config.php:92
[20-Mar-2016 19:56:13 UTC] PHP Parse error:  syntax error, unexpected '\' (T_NS_SEPARATOR), expecting ',' or ';' in /home/ubuntu/workspace/wp-content/themes/Divi-child/functions.php on line 18
[20-Mar-2016 19:56:13 UTC] PHP Stack trace:
[20-Mar-2016 19:56:13 UTC] PHP   1. {main}() /home/ubuntu/workspace/wp-admin/admin-ajax.php:0
[20-Mar-2016 19:56:13 UTC] PHP   2. require_once() /home/ubuntu/workspace/wp-admin/admin-ajax.php:22
[20-Mar-2016 19:56:13 UTC] PHP   3. require_once() /home/ubuntu/workspace/wp-load.php:37
[20-Mar-2016 19:56:13 UTC] PHP   4. require_once() /home/ubuntu/workspace/wp-config.php:92
[20-Mar-2016 19:56:34 UTC] PHP Parse error:  syntax error, unexpected '\' (T_NS_SEPARATOR), expecting ',' or ';' in /home/ubuntu/workspace/wp-content/themes/Divi-child/functions.php on line 18
[20-Mar-2016 19:56:34 UTC] PHP Stack trace:
[20-Mar-2016 19:56:34 UTC] PHP   1. {main}() /home/ubuntu/workspace/wp-admin/customize.php:0
[20-Mar-2016 19:56:34 UTC] PHP   2. require_once() /home/ubuntu/workspace/wp-admin/customize.php:13
[20-Mar-2016 19:56:34 UTC] PHP   3. require_once() /home/ubuntu/workspace/wp-admin/admin.php:31
[20-Mar-2016 19:56:34 UTC] PHP   4. require_once() /home/ubuntu/workspace/wp-load.php:37
[20-Mar-2016 19:56:34 UTC] PHP   5. require_once() /home/ubuntu/workspace/wp-config.php:92
[20-Mar-2016 19:56:37 UTC] PHP Parse error:  syntax error, unexpected '\' (T_NS_SEPARATOR), expecting ',' or ';' in /home/ubuntu/workspace/wp-content/themes/Divi-child/functions.php on line 18
[20-Mar-2016 19:56:37 UTC] PHP Stack trace:
[20-Mar-2016 19:56:37 UTC] PHP   1. {main}() /home/ubuntu/workspace/wp-admin/customize.php:0
[20-Mar-2016 19:56:37 UTC] PHP   2. require_once() /home/ubuntu/workspace/wp-admin/customize.php:13
[20-Mar-2016 19:56:37 UTC] PHP   3. require_once() /home/ubuntu/workspace/wp-admin/admin.php:31
[20-Mar-2016 19:56:37 UTC] PHP   4. require_once() /home/ubuntu/workspace/wp-load.php:37
[20-Mar-2016 19:56:37 UTC] PHP   5. require_once() /home/ubuntu/workspace/wp-config.php:92
[20-Mar-2016 19:59:27 UTC] PHP Parse error:  syntax error, unexpected '\' (T_NS_SEPARATOR), expecting ',' or ';' in /home/ubuntu/workspace/wp-content/themes/Divi-child/functions.php on line 16
[20-Mar-2016 19:59:27 UTC] PHP Stack trace:
[20-Mar-2016 19:59:27 UTC] PHP   1. {main}() /home/ubuntu/workspace/wp-admin/customize.php:0
[20-Mar-2016 19:59:27 UTC] PHP   2. require_once() /home/ubuntu/workspace/wp-admin/customize.php:13
[20-Mar-2016 19:59:27 UTC] PHP   3. require_once() /home/ubuntu/workspace/wp-admin/admin.php:31
[20-Mar-2016 19:59:27 UTC] PHP   4. require_once() /home/ubuntu/workspace/wp-load.php:37
[20-Mar-2016 19:59:27 UTC] PHP   5. require_once() /home/ubuntu/workspace/wp-config.php:92
[20-Mar-2016 19:59:31 UTC] PHP Parse error:  syntax error, unexpected '\' (T_NS_SEPARATOR), expecting ',' or ';' in /home/ubuntu/workspace/wp-content/themes/Divi-child/functions.php on line 16
[20-Mar-2016 19:59:31 UTC] PHP Stack trace:
[20-Mar-2016 19:59:31 UTC] PHP   1. {main}() /home/ubuntu/workspace/wp-admin/customize.php:0
[20-Mar-2016 19:59:31 UTC] PHP   2. require_once() /home/ubuntu/workspace/wp-admin/customize.php:13
[20-Mar-2016 19:59:31 UTC] PHP   3. require_once() /home/ubuntu/workspace/wp-admin/admin.php:31
[20-Mar-2016 19:59:31 UTC] PHP   4. require_once() /home/ubuntu/workspace/wp-load.php:37
[20-Mar-2016 19:59:31 UTC] PHP   5. require_once() /home/ubuntu/workspace/wp-config.php:92
[20-Mar-2016 20:06:50 UTC] PHP Parse error:  syntax error, unexpected '' (T_ENCAPSED_AND_WHITESPACE), expecting identifier (T_STRING) or variable (T_VARIABLE) or number (T_NUM_STRING) in /home/ubuntu/workspace/wp-content/themes/Divi-child/functions.php on line 21
[20-Mar-2016 20:06:50 UTC] PHP Stack trace:
[20-Mar-2016 20:06:50 UTC] PHP   1. {main}() /home/ubuntu/workspace/wp-admin/admin-ajax.php:0
[20-Mar-2016 20:06:50 UTC] PHP   2. require_once() /home/ubuntu/workspace/wp-admin/admin-ajax.php:22
[20-Mar-2016 20:06:50 UTC] PHP   3. require_once() /home/ubuntu/workspace/wp-load.php:37
[20-Mar-2016 20:06:50 UTC] PHP   4. require_once() /home/ubuntu/workspace/wp-config.php:92
[20-Mar-2016 20:06:50 UTC] PHP Parse error:  syntax error, unexpected '' (T_ENCAPSED_AND_WHITESPACE), expecting identifier (T_STRING) or variable (T_VARIABLE) or number (T_NUM_STRING) in /home/ubuntu/workspace/wp-content/themes/Divi-child/functions.php on line 21
[20-Mar-2016 20:06:50 UTC] PHP Stack trace:
[20-Mar-2016 20:06:50 UTC] PHP   1. {main}() /home/ubuntu/workspace/wp-admin/admin-ajax.php:0
[20-Mar-2016 20:06:50 UTC] PHP   2. require_once() /home/ubuntu/workspace/wp-admin/admin-ajax.php:22
[20-Mar-2016 20:06:50 UTC] PHP   3. require_once() /home/ubuntu/workspace/wp-load.php:37
[20-Mar-2016 20:06:50 UTC] PHP   4. require_once() /home/ubuntu/workspace/wp-config.php:92
[20-Mar-2016 20:06:50 UTC] PHP Parse error:  syntax error, unexpected '' (T_ENCAPSED_AND_WHITESPACE), expecting identifier (T_STRING) or variable (T_VARIABLE) or number (T_NUM_STRING) in /home/ubuntu/workspace/wp-content/themes/Divi-child/functions.php on line 21
[20-Mar-2016 20:06:50 UTC] PHP Stack trace:
[20-Mar-2016 20:06:50 UTC] PHP   1. {main}() /home/ubuntu/workspace/wp-admin/admin-ajax.php:0
[20-Mar-2016 20:06:50 UTC] PHP   2. require_once() /home/ubuntu/workspace/wp-admin/admin-ajax.php:22
[20-Mar-2016 20:06:50 UTC] PHP   3. require_once() /home/ubuntu/workspace/wp-load.php:37
[20-Mar-2016 20:06:50 UTC] PHP   4. require_once() /home/ubuntu/workspace/wp-config.php:92
[20-Mar-2016 20:06:50 UTC] PHP Parse error:  syntax error, unexpected '' (T_ENCAPSED_AND_WHITESPACE), expecting identifier (T_STRING) or variable (T_VARIABLE) or number (T_NUM_STRING) in /home/ubuntu/workspace/wp-content/themes/Divi-child/functions.php on line 21
[20-Mar-2016 20:06:50 UTC] PHP Stack trace:
[20-Mar-2016 20:06:50 UTC] PHP   1. {main}() /home/ubuntu/workspace/wp-admin/admin-ajax.php:0
[20-Mar-2016 20:06:50 UTC] PHP   2. require_once() /home/ubuntu/workspace/wp-admin/admin-ajax.php:22
[20-Mar-2016 20:06:50 UTC] PHP   3. require_once() /home/ubuntu/workspace/wp-load.php:37
[20-Mar-2016 20:06:50 UTC] PHP   4. require_once() /home/ubuntu/workspace/wp-config.php:92
[20-Mar-2016 20:06:50 UTC] PHP Parse error:  syntax error, unexpected '' (T_ENCAPSED_AND_WHITESPACE), expecting identifier (T_STRING) or variable (T_VARIABLE) or number (T_NUM_STRING) in /home/ubuntu/workspace/wp-content/themes/Divi-child/functions.php on line 21
[20-Mar-2016 20:06:50 UTC] PHP Stack trace:
[20-Mar-2016 20:06:50 UTC] PHP   1. {main}() /home/ubuntu/workspace/wp-admin/admin-ajax.php:0
[20-Mar-2016 20:06:50 UTC] PHP   2. require_once() /home/ubuntu/workspace/wp-admin/admin-ajax.php:22
[20-Mar-2016 20:06:50 UTC] PHP   3. require_once() /home/ubuntu/workspace/wp-load.php:37
[20-Mar-2016 20:06:50 UTC] PHP   4. require_once() /home/ubuntu/workspace/wp-config.php:92
[20-Mar-2016 20:06:50 UTC] PHP Parse error:  syntax error, unexpected '' (T_ENCAPSED_AND_WHITESPACE), expecting identifier (T_STRING) or variable (T_VARIABLE) or number (T_NUM_STRING) in /home/ubuntu/workspace/wp-content/themes/Divi-child/functions.php on line 21
[20-Mar-2016 20:06:50 UTC] PHP Stack trace:
[20-Mar-2016 20:06:50 UTC] PHP   1. {main}() /home/ubuntu/workspace/wp-admin/admin-ajax.php:0
[20-Mar-2016 20:06:50 UTC] PHP   2. require_once() /home/ubuntu/workspace/wp-admin/admin-ajax.php:22
[20-Mar-2016 20:06:50 UTC] PHP   3. require_once() /home/ubuntu/workspace/wp-load.php:37
[20-Mar-2016 20:06:50 UTC] PHP   4. require_once() /home/ubuntu/workspace/wp-config.php:92
[20-Mar-2016 20:06:50 UTC] PHP Parse error:  syntax error, unexpected '' (T_ENCAPSED_AND_WHITESPACE), expecting identifier (T_STRING) or variable (T_VARIABLE) or number (T_NUM_STRING) in /home/ubuntu/workspace/wp-content/themes/Divi-child/functions.php on line 21
[20-Mar-2016 20:06:50 UTC] PHP Stack trace:
[20-Mar-2016 20:06:50 UTC] PHP   1. {main}() /home/ubuntu/workspace/wp-admin/admin-ajax.php:0
[20-Mar-2016 20:06:50 UTC] PHP   2. require_once() /home/ubuntu/workspace/wp-admin/admin-ajax.php:22
[20-Mar-2016 20:06:50 UTC] PHP   3. require_once() /home/ubuntu/workspace/wp-load.php:37
[20-Mar-2016 20:06:50 UTC] PHP   4. require_once() /home/ubuntu/workspace/wp-config.php:92
[20-Mar-2016 20:06:50 UTC] PHP Parse error:  syntax error, unexpected '' (T_ENCAPSED_AND_WHITESPACE), expecting identifier (T_STRING) or variable (T_VARIABLE) or number (T_NUM_STRING) in /home/ubuntu/workspace/wp-content/themes/Divi-child/functions.php on line 21
[20-Mar-2016 20:06:50 UTC] PHP Stack trace:
[20-Mar-2016 20:06:50 UTC] PHP   1. {main}() /home/ubuntu/workspace/wp-admin/admin-ajax.php:0
[20-Mar-2016 20:06:50 UTC] PHP   2. require_once() /home/ubuntu/workspace/wp-admin/admin-ajax.php:22
[20-Mar-2016 20:06:50 UTC] PHP   3. require_once() /home/ubuntu/workspace/wp-load.php:37
[20-Mar-2016 20:06:50 UTC] PHP   4. require_once() /home/ubuntu/workspace/wp-config.php:92
[20-Mar-2016 20:08:56 UTC] PHP Parse error:  syntax error, unexpected 'message_Fname' (T_STRING), expecting ',' or ';' in /home/ubuntu/workspace/wp-content/themes/Divi-child/functions.php on line 21
[20-Mar-2016 20:08:56 UTC] PHP Stack trace:
[20-Mar-2016 20:08:56 UTC] PHP   1. {main}() /home/ubuntu/workspace/wp-admin/customize.php:0
[20-Mar-2016 20:08:56 UTC] PHP   2. require_once() /home/ubuntu/workspace/wp-admin/customize.php:13
[20-Mar-2016 20:08:56 UTC] PHP   3. require_once() /home/ubuntu/workspace/wp-admin/admin.php:31
[20-Mar-2016 20:08:56 UTC] PHP   4. require_once() /home/ubuntu/workspace/wp-load.php:37
[20-Mar-2016 20:08:56 UTC] PHP   5. require_once() /home/ubuntu/workspace/wp-config.php:92
[20-Mar-2016 20:09:21 UTC] PHP Parse error:  syntax error, unexpected 'message_Fname' (T_STRING), expecting ',' or ';' in /home/ubuntu/workspace/wp-content/themes/Divi-child/functions.php on line 21
[20-Mar-2016 20:09:21 UTC] PHP Stack trace:
[20-Mar-2016 20:09:21 UTC] PHP   1. {main}() /home/ubuntu/workspace/wp-admin/customize.php:0
[20-Mar-2016 20:09:21 UTC] PHP   2. require_once() /home/ubuntu/workspace/wp-admin/customize.php:13
[20-Mar-2016 20:09:21 UTC] PHP   3. require_once() /home/ubuntu/workspace/wp-admin/admin.php:31
[20-Mar-2016 20:09:21 UTC] PHP   4. require_once() /home/ubuntu/workspace/wp-load.php:37
[20-Mar-2016 20:09:21 UTC] PHP   5. require_once() /home/ubuntu/workspace/wp-config.php:92
[20-Mar-2016 20:11:00 UTC] PHP Parse error:  syntax error, unexpected 'message_Fname' (T_STRING), expecting ',' or ';' in /home/ubuntu/workspace/wp-content/themes/Divi-child/functions.php on line 21
[20-Mar-2016 20:11:00 UTC] PHP Stack trace:
[20-Mar-2016 20:11:00 UTC] PHP   1. {main}() /home/ubuntu/workspace/wp-admin/customize.php:0
[20-Mar-2016 20:11:00 UTC] PHP   2. require_once() /home/ubuntu/workspace/wp-admin/customize.php:13
[20-Mar-2016 20:11:00 UTC] PHP   3. require_once() /home/ubuntu/workspace/wp-admin/admin.php:31
[20-Mar-2016 20:11:00 UTC] PHP   4. require_once() /home/ubuntu/workspace/wp-load.php:37
[20-Mar-2016 20:11:00 UTC] PHP   5. require_once() /home/ubuntu/workspace/wp-config.php:92
