********************************************************************************
PACKAGE-LOG: 2016-04-02 01:33:36
NOTICE: Do NOT post to public sites or forums 
********************************************************************************
VERSION:	1.1.6
WORDPRESS:	4.4.2
PHP INFO:	5.5.9-1ubuntu4.13 | SAPI: apache2handler
SERVER:		Apache/2.4.7 (Ubuntu) 
PHP TIME LIMIT: (0) no time limit imposed 
PHP MAX MEMORY: 5000M (128M default) 
MEMORY STACK: 3.25MB 

********************************************************************************
DATABASE:
********************************************************************************
BUILD MODE:   PHP(query limit - 100)
MYSQLTIMEOUT: 5000
MYSQLDUMP:    Is Supported 
TABLES: total:13 | filtered:0 | create:13 
FILTERED: [] 
SQL CREATED: 20160402_autonomousuniversityofsocial_56ff212ea09dd4005160402013230_database.sql 
SQL FILE SIZE: 1.28MB (1342204) 
SQL FILE TIME: 2016-04-02 01:33:36 
SQL RUNTIME: 0.14 sec. 

******************************************************************************** 
ARCHIVE (ZIP): 
******************************************************************************** 
ARCHIVE DIR:  /home/ubuntu/workspace 
ARCHIVE FILE: 20160402_autonomousuniversityofsocial_56ff212ea09dd4005160402013230_archive.zip 
FILTERS: *OFF* 
DIRS:  not set 
EXTS:  not set 
---------------------------------------- 
COMPRESSING 
SIZE:	126.69MB 
STATS:	Dirs 573 | Files 5,742 
SQL ADDED: 20160402_autonomousuniversityofsocial_56ff212ea09dd4005160402013230_database.sql 
ZipArchive Object
(
    [status] => 0
    [statusSys] => 0
    [numFiles] => 6315
    [filename] => /home/ubuntu/workspace/wp-snapshots/tmp/20160402_autonomousuniversityofsocial_56ff212ea09dd4005160402013230_archive.zip
    [comment] => 
)
 
COMPRESSION RESULT: '1' 
COMPRESSED SIZE: 96.21MB 
ARCHIVE RUNTIME: 14.89 sec. 
MEMORY STACK: 5.25MB 

******************************************************************************** 
MAKE INSTALLER: 
******************************************************************************** 
Build Start 
Build Finished 
Preping for use 
Template parsed with new data 
Complete [/home/ubuntu/workspace/wp-snapshots/tmp/20160402_autonomousuniversityofsocial_56ff212ea09dd4005160402013230_installer.php] 
Added to archive 

******************************************************************************** 
INTEGRITY CHECKS: 
******************************************************************************** 
SQL File: 1.28MB 
Installer File: 319.35KB 
Archive File: 96.21MB  

********************************************************************************
RECORD ID:[1]
TOTAL PROCESS RUNTIME: 16.26 sec.
PEAK PHP MEMORY USED: 7.75MB
DONE PROCESSING => 20160402_autonomousuniversityofsocial 2016-04-02 01:33:52
 
